<?xml version="1.0" encoding="UTF-8"?>
<testng-results skipped="1" failed="2" ignored="0" total="3" passed="0">
  <reporter-output>
  </reporter-output>
  <suite name="Default suite" duration-ms="14512" started-at="2019-03-20T23:53:32Z" finished-at="2019-03-20T23:53:46Z">
    <groups>
      <group name="A">
        <method signature="TC01_RegistrationCycleTest.userRegistration()[pri:0, instance:com.imbb.testCases.TC01_RegistrationCycleTest@78c03f1f]" name="userRegistration" class="com.imbb.testCases.TC01_RegistrationCycleTest"/>
        <method signature="TC01_RegistrationCycleTest.gmailUserActivate()[pri:0, instance:com.imbb.testCases.TC01_RegistrationCycleTest@78c03f1f]" name="gmailUserActivate" class="com.imbb.testCases.TC01_RegistrationCycleTest"/>
      </group> <!-- A -->
      <group name="B">
        <method signature="TC02_UploadLogoTest.uploadPicture()[pri:0, instance:com.imbb.testCases.TC02_UploadLogoTest@5ce81285]" name="uploadPicture" class="com.imbb.testCases.TC02_UploadLogoTest"/>
      </group> <!-- B -->
    </groups>
    <test name="Default test" duration-ms="14512" started-at="2019-03-20T23:53:32Z" finished-at="2019-03-20T23:53:46Z">
      <class name="com.imbb.testCases.TC02_UploadLogoTest">
        <test-method status="PASS" signature="setup()[pri:0, instance:com.imbb.testCases.TC02_UploadLogoTest@5ce81285]" name="setup" is-config="true" duration-ms="4065" started-at="2019-03-20T23:53:32Z" finished-at="2019-03-20T23:53:36Z">
          <reporter-output>
          </reporter-output>
        </test-method> <!-- setup -->
        <test-method status="FAIL" signature="uploadPicture()[pri:0, instance:com.imbb.testCases.TC02_UploadLogoTest@5ce81285]" name="uploadPicture" duration-ms="2212" started-at="2019-03-20T23:53:36Z" finished-at="2019-03-20T23:53:38Z">
          <exception class="java.lang.IllegalArgumentException">
            <message>
              <![CDATA[Keys to send should be a not null CharSequence]]>
            </message>
            <full-stacktrace>
              <![CDATA[java.lang.IllegalArgumentException: Keys to send should be a not null CharSequence
at org.openqa.selenium.remote.RemoteWebElement.sendKeys(RemoteWebElement.java:97)
at sun.reflect.NativeMethodAccessorImpl.invoke0(Native Method)
at sun.reflect.NativeMethodAccessorImpl.invoke(NativeMethodAccessorImpl.java:62)
at sun.reflect.DelegatingMethodAccessorImpl.invoke(DelegatingMethodAccessorImpl.java:43)
at java.lang.reflect.Method.invoke(Method.java:498)
at org.openqa.selenium.support.pagefactory.internal.LocatingElementHandler.invoke(LocatingElementHandler.java:51)
at com.sun.proxy.$Proxy10.sendKeys(Unknown Source)
at com.imbb.pageObjects.ImgbbLoginPage.userName(ImgbbLoginPage.java:31)
at com.imbb.testCases.TC02_UploadLogoTest.uploadPicture(TC02_UploadLogoTest.java:23)
at sun.reflect.NativeMethodAccessorImpl.invoke0(Native Method)
at sun.reflect.NativeMethodAccessorImpl.invoke(NativeMethodAccessorImpl.java:62)
at sun.reflect.DelegatingMethodAccessorImpl.invoke(DelegatingMethodAccessorImpl.java:43)
at java.lang.reflect.Method.invoke(Method.java:498)
at org.testng.internal.MethodInvocationHelper.invokeMethod(MethodInvocationHelper.java:124)
at org.testng.internal.Invoker.invokeMethod(Invoker.java:583)
at org.testng.internal.Invoker.invokeTestMethod(Invoker.java:719)
at org.testng.internal.Invoker.invokeTestMethods(Invoker.java:989)
at org.testng.internal.TestMethodWorker.invokeTestMethods(TestMethodWorker.java:125)
at org.testng.internal.TestMethodWorker.run(TestMethodWorker.java:109)
at org.testng.TestRunner.privateRun(TestRunner.java:648)
at org.testng.TestRunner.run(TestRunner.java:505)
at org.testng.SuiteRunner.runTest(SuiteRunner.java:455)
at org.testng.SuiteRunner.runSequentially(SuiteRunner.java:450)
at org.testng.SuiteRunner.privateRun(SuiteRunner.java:415)
at org.testng.SuiteRunner.run(SuiteRunner.java:364)
at org.testng.SuiteRunnerWorker.runSuite(SuiteRunnerWorker.java:52)
at org.testng.SuiteRunnerWorker.run(SuiteRunnerWorker.java:84)
at org.testng.TestNG.runSuitesSequentially(TestNG.java:1208)
at org.testng.TestNG.runSuitesLocally(TestNG.java:1137)
at org.testng.TestNG.runSuites(TestNG.java:1049)
at org.testng.TestNG.run(TestNG.java:1017)
at org.testng.remote.AbstractRemoteTestNG.run(AbstractRemoteTestNG.java:114)
at org.testng.remote.RemoteTestNG.initAndRun(RemoteTestNG.java:251)
at org.testng.remote.RemoteTestNG.main(RemoteTestNG.java:77)
]]>
            </full-stacktrace>
          </exception> <!-- java.lang.IllegalArgumentException -->
          <reporter-output>
          </reporter-output>
        </test-method> <!-- uploadPicture -->
        <test-method status="PASS" signature="tearDown()[pri:0, instance:com.imbb.testCases.TC02_UploadLogoTest@5ce81285]" name="tearDown" is-config="true" duration-ms="663" started-at="2019-03-20T23:53:38Z" finished-at="2019-03-20T23:53:39Z">
          <reporter-output>
          </reporter-output>
        </test-method> <!-- tearDown -->
      </class> <!-- com.imbb.testCases.TC02_UploadLogoTest -->
      <class name="com.imbb.testCases.TC01_RegistrationCycleTest">
        <test-method status="PASS" signature="setup()[pri:0, instance:com.imbb.testCases.TC01_RegistrationCycleTest@78c03f1f]" name="setup" is-config="true" duration-ms="3636" started-at="2019-03-20T23:53:39Z" finished-at="2019-03-20T23:53:43Z">
          <reporter-output>
          </reporter-output>
        </test-method> <!-- setup -->
        <test-method status="FAIL" signature="userRegistration()[pri:0, instance:com.imbb.testCases.TC01_RegistrationCycleTest@78c03f1f]" name="userRegistration" duration-ms="3242" started-at="2019-03-20T23:53:43Z" finished-at="2019-03-20T23:53:46Z">
          <exception class="java.lang.AssertionError">
            <full-stacktrace>
              <![CDATA[java.lang.AssertionError: 
at org.testng.AssertJUnit.fail(AssertJUnit.java:59)
at org.testng.AssertJUnit.assertTrue(AssertJUnit.java:24)
at org.testng.AssertJUnit.assertTrue(AssertJUnit.java:33)
at com.imbb.testCases.TC01_RegistrationCycleTest.userRegistration(TC01_RegistrationCycleTest.java:48)
at sun.reflect.NativeMethodAccessorImpl.invoke0(Native Method)
at sun.reflect.NativeMethodAccessorImpl.invoke(NativeMethodAccessorImpl.java:62)
at sun.reflect.DelegatingMethodAccessorImpl.invoke(DelegatingMethodAccessorImpl.java:43)
at java.lang.reflect.Method.invoke(Method.java:498)
at org.testng.internal.MethodInvocationHelper.invokeMethod(MethodInvocationHelper.java:124)
at org.testng.internal.Invoker.invokeMethod(Invoker.java:583)
at org.testng.internal.Invoker.invokeTestMethod(Invoker.java:719)
at org.testng.internal.Invoker.invokeTestMethods(Invoker.java:989)
at org.testng.internal.TestMethodWorker.invokeTestMethods(TestMethodWorker.java:125)
at org.testng.internal.TestMethodWorker.run(TestMethodWorker.java:109)
at org.testng.TestRunner.privateRun(TestRunner.java:648)
at org.testng.TestRunner.run(TestRunner.java:505)
at org.testng.SuiteRunner.runTest(SuiteRunner.java:455)
at org.testng.SuiteRunner.runSequentially(SuiteRunner.java:450)
at org.testng.SuiteRunner.privateRun(SuiteRunner.java:415)
at org.testng.SuiteRunner.run(SuiteRunner.java:364)
at org.testng.SuiteRunnerWorker.runSuite(SuiteRunnerWorker.java:52)
at org.testng.SuiteRunnerWorker.run(SuiteRunnerWorker.java:84)
at org.testng.TestNG.runSuitesSequentially(TestNG.java:1208)
at org.testng.TestNG.runSuitesLocally(TestNG.java:1137)
at org.testng.TestNG.runSuites(TestNG.java:1049)
at org.testng.TestNG.run(TestNG.java:1017)
at org.testng.remote.AbstractRemoteTestNG.run(AbstractRemoteTestNG.java:114)
at org.testng.remote.RemoteTestNG.initAndRun(RemoteTestNG.java:251)
at org.testng.remote.RemoteTestNG.main(RemoteTestNG.java:77)
]]>
            </full-stacktrace>
          </exception> <!-- java.lang.AssertionError -->
          <reporter-output>
          </reporter-output>
        </test-method> <!-- userRegistration -->
        <test-method status="SKIP" signature="gmailUserActivate()[pri:0, instance:com.imbb.testCases.TC01_RegistrationCycleTest@78c03f1f]" name="gmailUserActivate" duration-ms="0" started-at="2019-03-20T23:53:46Z" depends-on-methods="com.imbb.testCases.TC01_RegistrationCycleTest.userRegistration" finished-at="2019-03-20T23:53:46Z">
          <exception class="java.lang.Throwable">
            <message>
              <![CDATA[Method TC01_RegistrationCycleTest.gmailUserActivate()[pri:0, instance:com.imbb.testCases.TC01_RegistrationCycleTest@78c03f1f] depends on not successfully finished methods]]>
            </message>
            <full-stacktrace>
              <![CDATA[java.lang.Throwable: Method TC01_RegistrationCycleTest.gmailUserActivate()[pri:0, instance:com.imbb.testCases.TC01_RegistrationCycleTest@78c03f1f] depends on not successfully finished methods
at org.testng.internal.Invoker.invokeTestMethods(Invoker.java:888)
at org.testng.internal.TestMethodWorker.invokeTestMethods(TestMethodWorker.java:125)
at org.testng.internal.TestMethodWorker.run(TestMethodWorker.java:109)
at org.testng.TestRunner.privateRun(TestRunner.java:648)
at org.testng.TestRunner.run(TestRunner.java:505)
at org.testng.SuiteRunner.runTest(SuiteRunner.java:455)
at org.testng.SuiteRunner.runSequentially(SuiteRunner.java:450)
at org.testng.SuiteRunner.privateRun(SuiteRunner.java:415)
at org.testng.SuiteRunner.run(SuiteRunner.java:364)
at org.testng.SuiteRunnerWorker.runSuite(SuiteRunnerWorker.java:52)
at org.testng.SuiteRunnerWorker.run(SuiteRunnerWorker.java:84)
at org.testng.TestNG.runSuitesSequentially(TestNG.java:1208)
at org.testng.TestNG.runSuitesLocally(TestNG.java:1137)
at org.testng.TestNG.runSuites(TestNG.java:1049)
at org.testng.TestNG.run(TestNG.java:1017)
at org.testng.remote.AbstractRemoteTestNG.run(AbstractRemoteTestNG.java:114)
at org.testng.remote.RemoteTestNG.initAndRun(RemoteTestNG.java:251)
at org.testng.remote.RemoteTestNG.main(RemoteTestNG.java:77)
]]>
            </full-stacktrace>
          </exception> <!-- java.lang.Throwable -->
          <reporter-output>
          </reporter-output>
        </test-method> <!-- gmailUserActivate -->
        <test-method status="PASS" signature="tearDown()[pri:0, instance:com.imbb.testCases.TC01_RegistrationCycleTest@78c03f1f]" name="tearDown" is-config="true" duration-ms="647" started-at="2019-03-20T23:53:46Z" finished-at="2019-03-20T23:53:46Z">
          <reporter-output>
          </reporter-output>
        </test-method> <!-- tearDown -->
      </class> <!-- com.imbb.testCases.TC01_RegistrationCycleTest -->
    </test> <!-- Default test -->
  </suite> <!-- Default suite -->
</testng-results>
